This is pdfTeX, Version 3.14159265-2.6-1.40.21 (MiKTeX 2.9.7400 64-bit) (preloaded format=pdflatex 2020.5.4)  15 MAY 2020 13:54
entering extended mode
**"./HW 2.tex"
("HW 2.tex"
LaTeX2e <2020-02-02> patch level 5
L3 programming layer <2020-04-06>
("C:\Users\–ö–∏—Ä–∏–ª–ª\AppData\Local\Programs\MiKTeX 2.9\tex/latex/base\articl
e.cls"
Document Class: article 2019/12/20 v1.4l Standard LaTeX document class

("C:\Users\–ö–∏—Ä–∏–ª–ª\AppData\Local\Programs\MiKTeX 2.9\tex/latex/base\size11
.clo"
File: size11.clo 2019/12/20 v1.4l Standard LaTeX file (size option)
)
\c@part=\count167
\c@section=\count168
\c@subsection=\count169
\c@subsubsection=\count170
\c@paragraph=\count171
\c@subparagraph=\count172
\c@figure=\count173
\c@table=\count174
\abovecaptionskip=\skip47
\belowcaptionskip=\skip48
\bibindent=\dimen134
)
("C:\Users\–ö–∏—Ä–∏–ª–ª\AppData\Local\Programs\MiKTeX 2.9\tex/latex/amsfonts\am
sfonts.sty"
Package: amsfonts 2013/01/14 v3.01 Basic AMSFonts support
\@emptytoks=\toks15
\symAMSa=\mathgroup4
\symAMSb=\mathgroup5
LaTeX Font Info:    Redeclaring math symbol \hbar on input line 98.
LaTeX Font Info:    Overwriting math alphabet `\mathfrak' in version `bold'
(Font)                  U/euf/m/n --> U/euf/b/n on input line 106.
)
("C:\Users\–ö–∏—Ä–∏–ª–ª\AppData\Local\Programs\MiKTeX 2.9\tex/latex/graphics\gr
aphicx.sty"
Package: graphicx 2019/11/30 v1.2a Enhanced LaTeX Graphics (DPC,SPQR)

("C:\Users\–ö–∏—Ä–∏–ª–ª\AppData\Local\Programs\MiKTeX 2.9\tex/latex/graphics\ke
yval.sty"
Package: keyval 2014/10/28 v1.15 key=value parser (DPC)
\KV@toks@=\toks16
)
("C:\Users\–ö–∏—Ä–∏–ª–ª\AppData\Local\Programs\MiKTeX 2.9\tex/latex/graphics\gr
aphics.sty"
Package: graphics 2019/11/30 v1.4a Standard LaTeX Graphics (DPC,SPQR)

("C:\Users\–ö–∏—Ä–∏–ª–ª\AppData\Local\Programs\MiKTeX 2.9\tex/latex/graphics\tr
ig.sty"
Package: trig 2016/01/03 v1.10 sin cos tan (DPC)
)
("C:\Users\–ö–∏—Ä–∏–ª–ª\AppData\Local\Programs\MiKTeX 2.9\tex/latex/graphics-cf
g\graphics.cfg"
File: graphics.cfg 2016/06/04 v1.11 sample graphics configuration
)
Package graphics Info: Driver file: pdftex.def on input line 105.

("C:\Users\–ö–∏—Ä–∏–ª–ª\AppData\Local\Programs\MiKTeX 2.9\tex/latex/graphics-de
f\pdftex.def"
File: pdftex.def 2018/01/08 v1.0l Graphics/color driver for pdftex
))
\Gin@req@height=\dimen135
\Gin@req@width=\dimen136
)
("C:\Users\–ö–∏—Ä–∏–ª–ª\AppData\Local\Programs\MiKTeX 2.9\tex/latex/amsfonts\am
ssymb.sty"
Package: amssymb 2013/01/14 v3.01 AMS font symbols
)
("C:\Users\–ö–∏—Ä–∏–ª–ª\AppData\Local\Programs\MiKTeX 2.9\tex/latex/pgf/fronten
dlayer\tikz.sty"
("C:\Users\–ö–∏—Ä–∏–ª–ª\AppData\Local\Programs\MiKTeX 2.9\tex/latex/pgf/basicla
yer\pgf.sty"
("C:\Users\–ö–∏—Ä–∏–ª–ª\AppData\Local\Programs\MiKTeX 2.9\tex/latex/pgf/utiliti
es\pgfrcs.sty"
("C:\Users\–ö–∏—Ä–∏–ª–ª\AppData\Local\Programs\MiKTeX 2.9\tex/generic/pgf/utili
ties\pgfutil-common.tex"
\pgfutil@everybye=\toks17
\pgfutil@tempdima=\dimen137
\pgfutil@tempdimb=\dimen138

("C:\Users\–ö–∏—Ä–∏–ª–ª\AppData\Local\Programs\MiKTeX 2.9\tex/generic/pgf/utili
ties\pgfutil-common-lists.tex"))
("C:\Users\–ö–∏—Ä–∏–ª–ª\AppData\Local\Programs\MiKTeX 2.9\tex/generic/pgf/utili
ties\pgfutil-latex.def"
\pgfutil@abb=\box45

("C:\Users\–ö–∏—Ä–∏–ª–ª\AppData\Local\Programs\MiKTeX 2.9\tex/latex/ms\everyshi
.sty"
Package: everyshi 2001/05/15 v3.00 EveryShipout Package (MS)
))
("C:\Users\–ö–∏—Ä–∏–ª–ª\AppData\Local\Programs\MiKTeX 2.9\tex/generic/pgf/utili
ties\pgfrcs.code.tex"
("C:\Users\–ö–∏—Ä–∏–ª–ª\AppData\Local\Programs\MiKTeX 2.9\tex/generic/pgf\pgf.r
evision.tex")
Package: pgfrcs 2020/01/08 v3.1.5b (3.1.5b)
))
Package: pgf 2020/01/08 v3.1.5b (3.1.5b)

("C:\Users\–ö–∏—Ä–∏–ª–ª\AppData\Local\Programs\MiKTeX 2.9\tex/latex/pgf/basicla
yer\pgfcore.sty"
("C:\Users\–ö–∏—Ä–∏–ª–ª\AppData\Local\Programs\MiKTeX 2.9\tex/latex/pgf/systeml
ayer\pgfsys.sty"
("C:\Users\–ö–∏—Ä–∏–ª–ª\AppData\Local\Programs\MiKTeX 2.9\tex/generic/pgf/syste
mlayer\pgfsys.code.tex"
Package: pgfsys 2020/01/08 v3.1.5b (3.1.5b)

("C:\Users\–ö–∏—Ä–∏–ª–ª\AppData\Local\Programs\MiKTeX 2.9\tex/generic/pgf/utili
ties\pgfkeys.code.tex"
\pgfkeys@pathtoks=\toks18
\pgfkeys@temptoks=\toks19

("C:\Users\–ö–∏—Ä–∏–ª–ª\AppData\Local\Programs\MiKTeX 2.9\tex/generic/pgf/utili
ties\pgfkeysfiltered.code.tex"
\pgfkeys@tmptoks=\toks20
))
\pgf@x=\dimen139
\pgf@y=\dimen140
\pgf@xa=\dimen141
\pgf@ya=\dimen142
\pgf@xb=\dimen143
\pgf@yb=\dimen144
\pgf@xc=\dimen145
\pgf@yc=\dimen146
\pgf@xd=\dimen147
\pgf@yd=\dimen148
\w@pgf@writea=\write3
\r@pgf@reada=\read2
\c@pgf@counta=\count175
\c@pgf@countb=\count176
\c@pgf@countc=\count177
\c@pgf@countd=\count178
\t@pgf@toka=\toks21
\t@pgf@tokb=\toks22
\t@pgf@tokc=\toks23
\pgf@sys@id@count=\count179

("C:\Users\–ö–∏—Ä–∏–ª–ª\AppData\Local\Programs\MiKTeX 2.9\tex/generic/pgf/syste
mlayer\pgf.cfg"
File: pgf.cfg 2020/01/08 v3.1.5b (3.1.5b)
)
Driver file for pgf: pgfsys-pdftex.def

("C:\Users\–ö–∏—Ä–∏–ª–ª\AppData\Local\Programs\MiKTeX 2.9\tex/generic/pgf/syste
mlayer\pgfsys-pdftex.def"
File: pgfsys-pdftex.def 2020/01/08 v3.1.5b (3.1.5b)

("C:\Users\–ö–∏—Ä–∏–ª–ª\AppData\Local\Programs\MiKTeX 2.9\tex/generic/pgf/syste
mlayer\pgfsys-common-pdf.def"
File: pgfsys-common-pdf.def 2020/01/08 v3.1.5b (3.1.5b)
)))
("C:\Users\–ö–∏—Ä–∏–ª–ª\AppData\Local\Programs\MiKTeX 2.9\tex/generic/pgf/syste
mlayer\pgfsyssoftpath.code.tex"
File: pgfsyssoftpath.code.tex 2020/01/08 v3.1.5b (3.1.5b)
\pgfsyssoftpath@smallbuffer@items=\count180
\pgfsyssoftpath@bigbuffer@items=\count181
)
("C:\Users\–ö–∏—Ä–∏–ª–ª\AppData\Local\Programs\MiKTeX 2.9\tex/generic/pgf/syste
mlayer\pgfsysprotocol.code.tex"
File: pgfsysprotocol.code.tex 2020/01/08 v3.1.5b (3.1.5b)
))
("C:\Users\–ö–∏—Ä–∏–ª–ª\AppData\Local\Programs\MiKTeX 2.9\tex/latex/xcolor\xcol
or.sty"
Package: xcolor 2016/05/11 v2.12 LaTeX color extensions (UK)

("C:\Users\–ö–∏—Ä–∏–ª–ª\AppData\Local\Programs\MiKTeX 2.9\tex/latex/graphics-cf
g\color.cfg"
File: color.cfg 2016/01/02 v1.6 sample color configuration
)
Package xcolor Info: Driver file: pdftex.def on input line 225.
Package xcolor Info: Model `cmy' substituted by `cmy0' on input line 1348.
Package xcolor Info: Model `hsb' substituted by `rgb' on input line 1352.
Package xcolor Info: Model `RGB' extended on input line 1364.
Package xcolor Info: Model `HTML' substituted by `rgb' on input line 1366.
Package xcolor Info: Model `Hsb' substituted by `hsb' on input line 1367.
Package xcolor Info: Model `tHsb' substituted by `hsb' on input line 1368.
Package xcolor Info: Model `HSB' substituted by `hsb' on input line 1369.
Package xcolor Info: Model `Gray' substituted by `gray' on input line 1370.
Package xcolor Info: Model `wave' substituted by `hsb' on input line 1371.
)
("C:\Users\–ö–∏—Ä–∏–ª–ª\AppData\Local\Programs\MiKTeX 2.9\tex/generic/pgf/basic
layer\pgfcore.code.tex"
Package: pgfcore 2020/01/08 v3.1.5b (3.1.5b)

("C:\Users\–ö–∏—Ä–∏–ª–ª\AppData\Local\Programs\MiKTeX 2.9\tex/generic/pgf/math\
pgfmath.code.tex"
("C:\Users\–ö–∏—Ä–∏–ª–ª\AppData\Local\Programs\MiKTeX 2.9\tex/generic/pgf/math\
pgfmathcalc.code.tex"
("C:\Users\–ö–∏—Ä–∏–ª–ª\AppData\Local\Programs\MiKTeX 2.9\tex/generic/pgf/math\
pgfmathutil.code.tex")
("C:\Users\–ö–∏—Ä–∏–ª–ª\AppData\Local\Programs\MiKTeX 2.9\tex/generic/pgf/math\
pgfmathparser.code.tex"
\pgfmath@dimen=\dimen149
\pgfmath@count=\count182
\pgfmath@box=\box46
\pgfmath@toks=\toks24
\pgfmath@stack@operand=\toks25
\pgfmath@stack@operation=\toks26
)
("C:\Users\–ö–∏—Ä–∏–ª–ª\AppData\Local\Programs\MiKTeX 2.9\tex/generic/pgf/math\
pgfmathfunctions.code.tex"
("C:\Users\–ö–∏—Ä–∏–ª–ª\AppData\Local\Programs\MiKTeX 2.9\tex/generic/pgf/math\
pgfmathfunctions.basic.code.tex")
("C:\Users\–ö–∏—Ä–∏–ª–ª\AppData\Local\Programs\MiKTeX 2.9\tex/generic/pgf/math\
pgfmathfunctions.trigonometric.code.tex")
("C:\Users\–ö–∏—Ä–∏–ª–ª\AppData\Local\Programs\MiKTeX 2.9\tex/generic/pgf/math\
pgfmathfunctions.random.code.tex")
("C:\Users\–ö–∏—Ä–∏–ª–ª\AppData\Local\Programs\MiKTeX 2.9\tex/generic/pgf/math\
pgfmathfunctions.comparison.code.tex")
("C:\Users\–ö–∏—Ä–∏–ª–ª\AppData\Local\Programs\MiKTeX 2.9\tex/generic/pgf/math\
pgfmathfunctions.base.code.tex")
("C:\Users\–ö–∏—Ä–∏–ª–ª\AppData\Local\Programs\MiKTeX 2.9\tex/generic/pgf/math\
pgfmathfunctions.round.code.tex")
("C:\Users\–ö–∏—Ä–∏–ª–ª\AppData\Local\Programs\MiKTeX 2.9\tex/generic/pgf/math\
pgfmathfunctions.misc.code.tex")
("C:\Users\–ö–∏—Ä–∏–ª–ª\AppData\Local\Programs\MiKTeX 2.9\tex/generic/pgf/math\
pgfmathfunctions.integerarithmetics.code.tex")))
("C:\Users\–ö–∏—Ä–∏–ª–ª\AppData\Local\Programs\MiKTeX 2.9\tex/generic/pgf/math\
pgfmathfloat.code.tex"
\c@pgfmathroundto@lastzeros=\count183
))
("C:\Users\–ö–∏—Ä–∏–ª–ª\AppData\Local\Programs\MiKTeX 2.9\tex/generic/pgf/math\
pgfint.code.tex")
("C:\Users\–ö–∏—Ä–∏–ª–ª\AppData\Local\Programs\MiKTeX 2.9\tex/generic/pgf/basic
layer\pgfcorepoints.code.tex"
File: pgfcorepoints.code.tex 2020/01/08 v3.1.5b (3.1.5b)
\pgf@picminx=\dimen150
\pgf@picmaxx=\dimen151
\pgf@picminy=\dimen152
\pgf@picmaxy=\dimen153
\pgf@pathminx=\dimen154
\pgf@pathmaxx=\dimen155
\pgf@pathminy=\dimen156
\pgf@pathmaxy=\dimen157
\pgf@xx=\dimen158
\pgf@xy=\dimen159
\pgf@yx=\dimen160
\pgf@yy=\dimen161
\pgf@zx=\dimen162
\pgf@zy=\dimen163
)
("C:\Users\–ö–∏—Ä–∏–ª–ª\AppData\Local\Programs\MiKTeX 2.9\tex/generic/pgf/basic
layer\pgfcorepathconstruct.code.tex"
File: pgfcorepathconstruct.code.tex 2020/01/08 v3.1.5b (3.1.5b)
\pgf@path@lastx=\dimen164
\pgf@path@lasty=\dimen165
)
("C:\Users\–ö–∏—Ä–∏–ª–ª\AppData\Local\Programs\MiKTeX 2.9\tex/generic/pgf/basic
layer\pgfcorepathusage.code.tex"
File: pgfcorepathusage.code.tex 2020/01/08 v3.1.5b (3.1.5b)
\pgf@shorten@end@additional=\dimen166
\pgf@shorten@start@additional=\dimen167
)
("C:\Users\–ö–∏—Ä–∏–ª–ª\AppData\Local\Programs\MiKTeX 2.9\tex/generic/pgf/basic
layer\pgfcorescopes.code.tex"
File: pgfcorescopes.code.tex 2020/01/08 v3.1.5b (3.1.5b)
\pgfpic=\box47
\pgf@hbox=\box48
\pgf@layerbox@main=\box49
\pgf@picture@serial@count=\count184
)
("C:\Users\–ö–∏—Ä–∏–ª–ª\AppData\Local\Programs\MiKTeX 2.9\tex/generic/pgf/basic
layer\pgfcoregraphicstate.code.tex"
File: pgfcoregraphicstate.code.tex 2020/01/08 v3.1.5b (3.1.5b)
\pgflinewidth=\dimen168
)
("C:\Users\–ö–∏—Ä–∏–ª–ª\AppData\Local\Programs\MiKTeX 2.9\tex/generic/pgf/basic
layer\pgfcoretransformations.code.tex"
File: pgfcoretransformations.code.tex 2020/01/08 v3.1.5b (3.1.5b)
\pgf@pt@x=\dimen169
\pgf@pt@y=\dimen170
\pgf@pt@temp=\dimen171
)
("C:\Users\–ö–∏—Ä–∏–ª–ª\AppData\Local\Programs\MiKTeX 2.9\tex/generic/pgf/basic
layer\pgfcorequick.code.tex"
File: pgfcorequick.code.tex 2020/01/08 v3.1.5b (3.1.5b)
)
("C:\Users\–ö–∏—Ä–∏–ª–ª\AppData\Local\Programs\MiKTeX 2.9\tex/generic/pgf/basic
layer\pgfcoreobjects.code.tex"
File: pgfcoreobjects.code.tex 2020/01/08 v3.1.5b (3.1.5b)
)
("C:\Users\–ö–∏—Ä–∏–ª–ª\AppData\Local\Programs\MiKTeX 2.9\tex/generic/pgf/basic
layer\pgfcorepathprocessing.code.tex"
File: pgfcorepathprocessing.code.tex 2020/01/08 v3.1.5b (3.1.5b)
)
("C:\Users\–ö–∏—Ä–∏–ª–ª\AppData\Local\Programs\MiKTeX 2.9\tex/generic/pgf/basic
layer\pgfcorearrows.code.tex"
File: pgfcorearrows.code.tex 2020/01/08 v3.1.5b (3.1.5b)
\pgfarrowsep=\dimen172
)
("C:\Users\–ö–∏—Ä–∏–ª–ª\AppData\Local\Programs\MiKTeX 2.9\tex/generic/pgf/basic
layer\pgfcoreshade.code.tex"
File: pgfcoreshade.code.tex 2020/01/08 v3.1.5b (3.1.5b)
\pgf@max=\dimen173
\pgf@sys@shading@range@num=\count185
\pgf@shadingcount=\count186
)
("C:\Users\–ö–∏—Ä–∏–ª–ª\AppData\Local\Programs\MiKTeX 2.9\tex/generic/pgf/basic
layer\pgfcoreimage.code.tex"
File: pgfcoreimage.code.tex 2020/01/08 v3.1.5b (3.1.5b)

("C:\Users\–ö–∏—Ä–∏–ª–ª\AppData\Local\Programs\MiKTeX 2.9\tex/generic/pgf/basic
layer\pgfcoreexternal.code.tex"
File: pgfcoreexternal.code.tex 2020/01/08 v3.1.5b (3.1.5b)
\pgfexternal@startupbox=\box50
))
("C:\Users\–ö–∏—Ä–∏–ª–ª\AppData\Local\Programs\MiKTeX 2.9\tex/generic/pgf/basic
layer\pgfcorelayers.code.tex"
File: pgfcorelayers.code.tex 2020/01/08 v3.1.5b (3.1.5b)
)
("C:\Users\–ö–∏—Ä–∏–ª–ª\AppData\Local\Programs\MiKTeX 2.9\tex/generic/pgf/basic
layer\pgfcoretransparency.code.tex"
File: pgfcoretransparency.code.tex 2020/01/08 v3.1.5b (3.1.5b)
)
("C:\Users\–ö–∏—Ä–∏–ª–ª\AppData\Local\Programs\MiKTeX 2.9\tex/generic/pgf/basic
layer\pgfcorepatterns.code.tex"
File: pgfcorepatterns.code.tex 2020/01/08 v3.1.5b (3.1.5b)
)
("C:\Users\–ö–∏—Ä–∏–ª–ª\AppData\Local\Programs\MiKTeX 2.9\tex/generic/pgf/basic
layer\pgfcorerdf.code.tex"
File: pgfcorerdf.code.tex 2020/01/08 v3.1.5b (3.1.5b)
)))
("C:\Users\–ö–∏—Ä–∏–ª–ª\AppData\Local\Programs\MiKTeX 2.9\tex/generic/pgf/modul
es\pgfmoduleshapes.code.tex"
File: pgfmoduleshapes.code.tex 2020/01/08 v3.1.5b (3.1.5b)
\pgfnodeparttextbox=\box51
)
("C:\Users\–ö–∏—Ä–∏–ª–ª\AppData\Local\Programs\MiKTeX 2.9\tex/generic/pgf/modul
es\pgfmoduleplot.code.tex"
File: pgfmoduleplot.code.tex 2020/01/08 v3.1.5b (3.1.5b)
)
("C:\Users\–ö–∏—Ä–∏–ª–ª\AppData\Local\Programs\MiKTeX 2.9\tex/latex/pgf/compati
bility\pgfcomp-version-0-65.sty"
Package: pgfcomp-version-0-65 2020/01/08 v3.1.5b (3.1.5b)
\pgf@nodesepstart=\dimen174
\pgf@nodesepend=\dimen175
)
("C:\Users\–ö–∏—Ä–∏–ª–ª\AppData\Local\Programs\MiKTeX 2.9\tex/latex/pgf/compati
bility\pgfcomp-version-1-18.sty"
Package: pgfcomp-version-1-18 2020/01/08 v3.1.5b (3.1.5b)
))
("C:\Users\–ö–∏—Ä–∏–ª–ª\AppData\Local\Programs\MiKTeX 2.9\tex/latex/pgf/utiliti
es\pgffor.sty"
("C:\Users\–ö–∏—Ä–∏–ª–ª\AppData\Local\Programs\MiKTeX 2.9\tex/latex/pgf/utiliti
es\pgfkeys.sty"
("C:\Users\–ö–∏—Ä–∏–ª–ª\AppData\Local\Programs\MiKTeX 2.9\tex/generic/pgf/utili
ties\pgfkeys.code.tex"))
("C:\Users\–ö–∏—Ä–∏–ª–ª\AppData\Local\Programs\MiKTeX 2.9\tex/latex/pgf/math\pg
fmath.sty"
("C:\Users\–ö–∏—Ä–∏–ª–ª\AppData\Local\Programs\MiKTeX 2.9\tex/generic/pgf/math\
pgfmath.code.tex"))
("C:\Users\–ö–∏—Ä–∏–ª–ª\AppData\Local\Programs\MiKTeX 2.9\tex/generic/pgf/utili
ties\pgffor.code.tex"
Package: pgffor 2020/01/08 v3.1.5b (3.1.5b)

("C:\Users\–ö–∏—Ä–∏–ª–ª\AppData\Local\Programs\MiKTeX 2.9\tex/generic/pgf/math\
pgfmath.code.tex")
\pgffor@iter=\dimen176
\pgffor@skip=\dimen177
\pgffor@stack=\toks27
\pgffor@toks=\toks28
))
("C:\Users\–ö–∏—Ä–∏–ª–ª\AppData\Local\Programs\MiKTeX 2.9\tex/generic/pgf/front
endlayer/tikz\tikz.code.tex"
Package: tikz 2020/01/08 v3.1.5b (3.1.5b)

("C:\Users\–ö–∏—Ä–∏–ª–ª\AppData\Local\Programs\MiKTeX 2.9\tex/generic/pgf/libra
ries\pgflibraryplothandlers.code.tex"
File: pgflibraryplothandlers.code.tex 2020/01/08 v3.1.5b (3.1.5b)
\pgf@plot@mark@count=\count187
\pgfplotmarksize=\dimen178
)
\tikz@lastx=\dimen179
\tikz@lasty=\dimen180
\tikz@lastxsaved=\dimen181
\tikz@lastysaved=\dimen182
\tikz@lastmovetox=\dimen183
\tikz@lastmovetoy=\dimen184
\tikzleveldistance=\dimen185
\tikzsiblingdistance=\dimen186
\tikz@figbox=\box52
\tikz@figbox@bg=\box53
\tikz@tempbox=\box54
\tikz@tempbox@bg=\box55
\tikztreelevel=\count188
\tikznumberofchildren=\count189
\tikznumberofcurrentchild=\count190
\tikz@fig@count=\count191

("C:\Users\–ö–∏—Ä–∏–ª–ª\AppData\Local\Programs\MiKTeX 2.9\tex/generic/pgf/modul
es\pgfmodulematrix.code.tex"
File: pgfmodulematrix.code.tex 2020/01/08 v3.1.5b (3.1.5b)
\pgfmatrixcurrentrow=\count192
\pgfmatrixcurrentcolumn=\count193
\pgf@matrix@numberofcolumns=\count194
)
\tikz@expandcount=\count195

("C:\Users\–ö–∏—Ä–∏–ª–ª\AppData\Local\Programs\MiKTeX 2.9\tex/generic/pgf/front
endlayer/tikz/libraries\tikzlibrarytopaths.code.tex"
File: tikzlibrarytopaths.code.tex 2020/01/08 v3.1.5b (3.1.5b)
)))
("C:\Users\–ö–∏—Ä–∏–ª–ª\AppData\Local\Programs\MiKTeX 2.9\tex/latex/amsmath\ams
math.sty"
Package: amsmath 2020/01/20 v2.17e AMS math features
\@mathmargin=\skip49

For additional information on amsmath, use the `?' option.

("C:\Users\–ö–∏—Ä–∏–ª–ª\AppData\Local\Programs\MiKTeX 2.9\tex/latex/amsmath\ams
text.sty"
Package: amstext 2000/06/29 v2.01 AMS text

("C:\Users\–ö–∏—Ä–∏–ª–ª\AppData\Local\Programs\MiKTeX 2.9\tex/latex/amsmath\ams
gen.sty"
File: amsgen.sty 1999/11/30 v2.0 generic functions
\@emptytoks=\toks29
\ex@=\dimen187
))
("C:\Users\–ö–∏—Ä–∏–ª–ª\AppData\Local\Programs\MiKTeX 2.9\tex/latex/amsmath\ams
bsy.sty"
Package: amsbsy 1999/11/29 v1.2d Bold Symbols
\pmbraise@=\dimen188
)
("C:\Users\–ö–∏—Ä–∏–ª–ª\AppData\Local\Programs\MiKTeX 2.9\tex/latex/amsmath\ams
opn.sty"
Package: amsopn 2016/03/08 v2.02 operator names
)
\inf@bad=\count196
LaTeX Info: Redefining \frac on input line 227.
\uproot@=\count197
\leftroot@=\count198
LaTeX Info: Redefining \overline on input line 389.
\classnum@=\count199
\DOTSCASE@=\count266
LaTeX Info: Redefining \ldots on input line 486.
LaTeX Info: Redefining \dots on input line 489.
LaTeX Info: Redefining \cdots on input line 610.
\Mathstrutbox@=\box56
\strutbox@=\box57
\big@size=\dimen189
LaTeX Font Info:    Redeclaring font encoding OML on input line 733.
LaTeX Font Info:    Redeclaring font encoding OMS on input line 734.
\macc@depth=\count267
\c@MaxMatrixCols=\count268
\dotsspace@=\muskip16
\c@parentequation=\count269
\dspbrk@lvl=\count270
\tag@help=\toks30
\row@=\count271
\column@=\count272
\maxfields@=\count273
\andhelp@=\toks31
\eqnshift@=\dimen190
\alignsep@=\dimen191
\tagshift@=\dimen192
\tagwidth@=\dimen193
\totwidth@=\dimen194
\lineht@=\dimen195
\@envbody=\toks32
\multlinegap=\skip50
\multlinetaggap=\skip51
\mathdisplay@stack=\toks33
LaTeX Info: Redefining \[ on input line 2859.
LaTeX Info: Redefining \] on input line 2860.
)
("C:\Users\–ö–∏—Ä–∏–ª–ª\AppData\Local\Programs\MiKTeX 2.9\tex/generic/pgf/front
endlayer/tikz/libraries\tikzlibraryarrows.code.tex"
File: tikzlibraryarrows.code.tex 2020/01/08 v3.1.5b (3.1.5b)

("C:\Users\–ö–∏—Ä–∏–ª–ª\AppData\Local\Programs\MiKTeX 2.9\tex/generic/pgf/libra
ries\pgflibraryarrows.code.tex"
File: pgflibraryarrows.code.tex 2020/01/08 v3.1.5b (3.1.5b)
\arrowsize=\dimen196
))
("C:\Users\–ö–∏—Ä–∏–ª–ª\AppData\Local\Programs\MiKTeX 2.9\tex/latex/pgfplots\pg
fplots.sty"
("C:\Users\–ö–∏—Ä–∏–ª–ª\AppData\Local\Programs\MiKTeX 2.9\tex/generic/pgfplots\
pgfplots.revision.tex")
Package: pgfplots 2020/02/29 v1.17 Data Visualization (1.17)

("C:\Users\–ö–∏—Ä–∏–ª–ª\AppData\Local\Programs\MiKTeX 2.9\tex/generic/pgfplots\
pgfplots.code.tex"
("C:\Users\–ö–∏—Ä–∏–ª–ª\AppData\Local\Programs\MiKTeX 2.9\tex/generic/pgfplots\
pgfplotscore.code.tex"
\t@pgfplots@toka=\toks34
\t@pgfplots@tokb=\toks35
\t@pgfplots@tokc=\toks36
\pgfplots@tmpa=\dimen197
\c@pgfplots@coordindex=\count274
\c@pgfplots@scanlineindex=\count275

("C:\Users\–ö–∏—Ä–∏–ª–ª\AppData\Local\Programs\MiKTeX 2.9\tex/generic/pgfplots/
sys\pgfplotssysgeneric.code.tex"))
("C:\Users\–ö–∏—Ä–∏–ª–ª\AppData\Local\Programs\MiKTeX 2.9\tex/generic/pgfplots/
libs\pgfplotslibrary.code.tex")
("C:\Users\–ö–∏—Ä–∏–ª–ª\AppData\Local\Programs\MiKTeX 2.9\tex/generic/pgfplots/
oldpgfcompatib\pgfplotsoldpgfsupp_loader.code.tex"
("C:\Users\–ö–∏—Ä–∏–ª–ª\AppData\Local\Programs\MiKTeX 2.9\tex/generic/pgf/libra
ries\pgflibraryfpu.code.tex"))
("C:\Users\–ö–∏—Ä–∏–ª–ª\AppData\Local\Programs\MiKTeX 2.9\tex/generic/pgfplots/
util\pgfplotsutil.code.tex"
("C:\Users\–ö–∏—Ä–∏–ª–ª\AppData\Local\Programs\MiKTeX 2.9\tex/generic/pgfplots/
liststructure\pgfplotsliststructure.code.tex")
("C:\Users\–ö–∏—Ä–∏–ª–ª\AppData\Local\Programs\MiKTeX 2.9\tex/generic/pgfplots/
liststructure\pgfplotsliststructureext.code.tex")
("C:\Users\–ö–∏—Ä–∏–ª–ª\AppData\Local\Programs\MiKTeX 2.9\tex/generic/pgfplots/
liststructure\pgfplotsarray.code.tex"
\c@pgfplotsarray@tmp=\count276
)
("C:\Users\–ö–∏—Ä–∏–ª–ª\AppData\Local\Programs\MiKTeX 2.9\tex/generic/pgfplots/
liststructure\pgfplotsmatrix.code.tex")
("C:\Users\–ö–∏—Ä–∏–ª–ª\AppData\Local\Programs\MiKTeX 2.9\tex/generic/pgfplots/
numtable\pgfplotstableshared.code.tex"
\c@pgfplotstable@counta=\count277
\t@pgfplotstable@a=\toks37
)
("C:\Users\–ö–∏—Ä–∏–ª–ª\AppData\Local\Programs\MiKTeX 2.9\tex/generic/pgfplots/
liststructure\pgfplotsdeque.code.tex")
("C:\Users\–ö–∏—Ä–∏–ª–ª\AppData\Local\Programs\MiKTeX 2.9\tex/generic/pgfplots/
util\pgfplotsbinary.code.tex"
("C:\Users\–ö–∏—Ä–∏–ª–ª\AppData\Local\Programs\MiKTeX 2.9\tex/generic/pgfplots/
util\pgfplotsbinary.data.code.tex"))
("C:\Users\–ö–∏—Ä–∏–ª–ª\AppData\Local\Programs\MiKTeX 2.9\tex/generic/pgfplots/
util\pgfplotsutil.verb.code.tex")
("C:\Users\–ö–∏—Ä–∏–ª–ª\AppData\Local\Programs\MiKTeX 2.9\tex/generic/pgfplots/
libs\pgflibrarypgfplots.surfshading.code.tex"
\c@pgfplotslibrarysurf@no=\count278

("C:\Users\–ö–∏—Ä–∏–ª–ª\AppData\Local\Programs\MiKTeX 2.9\tex/generic/pgfplots/
sys\pgflibrarypgfplots.surfshading.pgfsys-pdftex.def")))
("C:\Users\–ö–∏—Ä–∏–ª–ª\AppData\Local\Programs\MiKTeX 2.9\tex/generic/pgfplots/
util\pgfplotscolormap.code.tex"
("C:\Users\–ö–∏—Ä–∏–ª–ª\AppData\Local\Programs\MiKTeX 2.9\tex/generic/pgfplots/
util\pgfplotscolor.code.tex"))
("C:\Users\–ö–∏—Ä–∏–ª–ª\AppData\Local\Programs\MiKTeX 2.9\tex/generic/pgfplots\
pgfplotsstackedplots.code.tex")
("C:\Users\–ö–∏—Ä–∏–ª–ª\AppData\Local\Programs\MiKTeX 2.9\tex/generic/pgfplots\
pgfplotsplothandlers.code.tex"
("C:\Users\–ö–∏—Ä–∏–ª–ª\AppData\Local\Programs\MiKTeX 2.9\tex/generic/pgfplots\
pgfplotsmeshplothandler.code.tex"
("C:\Users\–ö–∏—Ä–∏–ª–ª\AppData\Local\Programs\MiKTeX 2.9\tex/generic/pgfplots\
pgfplotsmeshplotimage.code.tex")))
("C:\Users\–ö–∏—Ä–∏–ª–ª\AppData\Local\Programs\MiKTeX 2.9\tex/generic/pgfplots\
pgfplots.scaling.code.tex")
("C:\Users\–ö–∏—Ä–∏–ª–ª\AppData\Local\Programs\MiKTeX 2.9\tex/generic/pgfplots\
pgfplotscoordprocessing.code.tex")
("C:\Users\–ö–∏—Ä–∏–ª–ª\AppData\Local\Programs\MiKTeX 2.9\tex/generic/pgfplots\
pgfplots.errorbars.code.tex")
("C:\Users\–ö–∏—Ä–∏–ª–ª\AppData\Local\Programs\MiKTeX 2.9\tex/generic/pgfplots\
pgfplots.markers.code.tex")
("C:\Users\–ö–∏—Ä–∏–ª–ª\AppData\Local\Programs\MiKTeX 2.9\tex/generic/pgfplots\
pgfplotsticks.code.tex")
("C:\Users\–ö–∏—Ä–∏–ª–ª\AppData\Local\Programs\MiKTeX 2.9\tex/generic/pgfplots\
pgfplots.paths.code.tex")
("C:\Users\–ö–∏—Ä–∏–ª–ª\AppData\Local\Programs\MiKTeX 2.9\tex/generic/pgf/front
endlayer/tikz/libraries\tikzlibrarydecorations.code.tex"
("C:\Users\–ö–∏—Ä–∏–ª–ª\AppData\Local\Programs\MiKTeX 2.9\tex/generic/pgf/modul
es\pgfmoduledecorations.code.tex"
\pgfdecoratedcompleteddistance=\dimen198
\pgfdecoratedremainingdistance=\dimen199
\pgfdecoratedinputsegmentcompleteddistance=\dimen256
\pgfdecoratedinputsegmentremainingdistance=\dimen257
\pgf@decorate@distancetomove=\dimen258
\pgf@decorate@repeatstate=\count279
\pgfdecorationsegmentamplitude=\dimen259
\pgfdecorationsegmentlength=\dimen260
)
\tikz@lib@dec@box=\box58
)
("C:\Users\–ö–∏—Ä–∏–ª–ª\AppData\Local\Programs\MiKTeX 2.9\tex/generic/pgf/front
endlayer/tikz/libraries\tikzlibrarydecorations.pathmorphing.code.tex"
("C:\Users\–ö–∏—Ä–∏–ª–ª\AppData\Local\Programs\MiKTeX 2.9\tex/generic/pgf/libra
ries/decorations\pgflibrarydecorations.pathmorphing.code.tex"))
("C:\Users\–ö–∏—Ä–∏–ª–ª\AppData\Local\Programs\MiKTeX 2.9\tex/generic/pgf/front
endlayer/tikz/libraries\tikzlibrarydecorations.pathreplacing.code.tex"
("C:\Users\–ö–∏—Ä–∏–ª–ª\AppData\Local\Programs\MiKTeX 2.9\tex/generic/pgf/libra
ries/decorations\pgflibrarydecorations.pathreplacing.code.tex"))
\pgfplots@numplots=\count280
\pgfplots@xmin@reg=\dimen261
\pgfplots@xmax@reg=\dimen262
\pgfplots@ymin@reg=\dimen263
\pgfplots@ymax@reg=\dimen264
\pgfplots@zmin@reg=\dimen265
\pgfplots@zmax@reg=\dimen266
)
("C:\Users\–ö–∏—Ä–∏–ª–ª\AppData\Local\Programs\MiKTeX 2.9\tex/generic/pgf/front
endlayer/tikz/libraries\tikzlibraryplotmarks.code.tex"
File: tikzlibraryplotmarks.code.tex 2020/01/08 v3.1.5b (3.1.5b)

("C:\Users\–ö–∏—Ä–∏–ª–ª\AppData\Local\Programs\MiKTeX 2.9\tex/generic/pgf/libra
ries\pgflibraryplotmarks.code.tex"
File: pgflibraryplotmarks.code.tex 2020/01/08 v3.1.5b (3.1.5b)
)))
("C:\Users\–ö–∏—Ä–∏–ª–ª\AppData\Local\Programs\MiKTeX 2.9\tex/latex/mathtools\m
athtools.sty"
Package: mathtools 2020/03/24 v1.24 mathematical typesetting tools

("C:\Users\–ö–∏—Ä–∏–ª–ª\AppData\Local\Programs\MiKTeX 2.9\tex/latex/tools\calc.
sty"
Package: calc 2017/05/25 v4.3 Infix arithmetic (KKT,FJ)
\calc@Acount=\count281
\calc@Bcount=\count282
\calc@Adimen=\dimen267
\calc@Bdimen=\dimen268
\calc@Askip=\skip52
\calc@Bskip=\skip53
LaTeX Info: Redefining \setlength on input line 80.
LaTeX Info: Redefining \addtolength on input line 81.
\calc@Ccount=\count283
\calc@Cskip=\skip54
)
("C:\Users\–ö–∏—Ä–∏–ª–ª\AppData\Local\Programs\MiKTeX 2.9\tex/latex/mathtools\m
hsetup.sty"
Package: mhsetup 2017/03/31 v1.3 programming setup (MH)
)
LaTeX Info: Thecontrolsequence`\('isalreadyrobust on input line 130.
LaTeX Info: Thecontrolsequence`\)'isalreadyrobust on input line 130.
LaTeX Info: Thecontrolsequence`\['isalreadyrobust on input line 130.
LaTeX Info: Thecontrolsequence`\]'isalreadyrobust on input line 130.
\g_MT_multlinerow_int=\count284
\l_MT_multwidth_dim=\dimen269
\origjot=\skip55
\l_MT_shortvdotswithinadjustabove_dim=\dimen270
\l_MT_shortvdotswithinadjustbelow_dim=\dimen271
\l_MT_above_intertext_sep=\dimen272
\l_MT_below_intertext_sep=\dimen273
\l_MT_above_shortintertext_sep=\dimen274
\l_MT_below_shortintertext_sep=\dimen275
\xmathstrut@box=\box59
\xmathstrut@dim=\dimen276
)
("C:\Users\–ö–∏—Ä–∏–ª–ª\AppData\Local\Programs\MiKTeX 2.9\tex/latex/l3backend\l
3backend-pdfmode.def"
File: l3backend-pdfmode.def 2020-03-12 L3 backend support: PDF mode
\l__kernel_color_stack_int=\count285
\l__pdf_internal_box=\box60
) ("HW 2.aux")
\openout1 = `"HW 2.aux"'.

LaTeX Font Info:    Checking defaults for OML/cmm/m/it on input line 15.
LaTeX Font Info:    ... okay on input line 15.
LaTeX Font Info:    Checking defaults for OMS/cmsy/m/n on input line 15.
LaTeX Font Info:    ... okay on input line 15.
LaTeX Font Info:    Checking defaults for OT1/cmr/m/n on input line 15.
LaTeX Font Info:    ... okay on input line 15.
LaTeX Font Info:    Checking defaults for T1/cmr/m/n on input line 15.
LaTeX Font Info:    ... okay on input line 15.
LaTeX Font Info:    Checking defaults for TS1/cmr/m/n on input line 15.
LaTeX Font Info:    ... okay on input line 15.
LaTeX Font Info:    Checking defaults for OMX/cmex/m/n on input line 15.
LaTeX Font Info:    ... okay on input line 15.
LaTeX Font Info:    Checking defaults for U/cmr/m/n on input line 15.
LaTeX Font Info:    ... okay on input line 15.

("C:\Users\–ö–∏—Ä–∏–ª–ª\AppData\Local\Programs\MiKTeX 2.9\tex/context/base/mkii
\supp-pdf.mkii"
[Loading MPS to PDF converter (version 2006.09.02).]
\scratchcounter=\count286
\scratchdimen=\dimen277
\scratchbox=\box61
\nofMPsegments=\count287
\nofMParguments=\count288
\everyMPshowfont=\toks38
\MPscratchCnt=\count289
\MPscratchDim=\dimen278
\MPnumerator=\count290
\makeMPintoPDFobject=\count291
\everyMPtoPDFconversion=\toks39
)
("C:\Users\–ö–∏—Ä–∏–ª–ª\AppData\Local\Programs\MiKTeX 2.9\tex/latex/epstopdf-pk
g\epstopdf-base.sty"
Package: epstopdf-base 2020-01-24 v2.11 Base part for package epstopdf
Package epstopdf-base Info: Redefining graphics rule for `.eps' on input line 4
85.
) ABD: EveryShipout initializing macros
Package pgfplots notification 'compat/show suggested version=true': you might b
enefit from \pgfplotsset{compat=1.17} (current compat level: 1.7).

LaTeX Font Info:    Trying to load font information for U+msa on input line 20.


("C:\Users\–ö–∏—Ä–∏–ª–ª\AppData\Local\Programs\MiKTeX 2.9\tex/latex/amsfonts\um
sa.fd"
File: umsa.fd 2013/01/14 v3.01 AMS symbols A
)
LaTeX Font Info:    Trying to load font information for U+msb on input line 20.


("C:\Users\–ö–∏—Ä–∏–ª–ª\AppData\Local\Programs\MiKTeX 2.9\tex/latex/amsfonts\um
sb.fd"
File: umsb.fd 2013/01/14 v3.01 AMS symbols B
)
Underfull \hbox (badness 10000) in paragraph at lines 29--31

 []


LaTeX Font Warning: Command \tiny invalid in math mode on input line 32.


LaTeX Font Warning: Command \tiny invalid in math mode on input line 32.


LaTeX Font Warning: Command \tiny invalid in math mode on input line 32.


LaTeX Font Warning: Command \tiny invalid in math mode on input line 32.

[1

{C:/Users/–ö–∏—Ä–∏–ª–ª/AppData/Local/MiKTeX/2.9/pdftex/config/pdftex.map}]
Underfull \hbox (badness 10000) in paragraph at lines 44--46

 []


LaTeX Font Warning: Command \tiny invalid in math mode on input line 46.


LaTeX Font Warning: Command \tiny invalid in math mode on input line 46.


LaTeX Font Warning: Command \tiny invalid in math mode on input line 46.


LaTeX Font Warning: Command \tiny invalid in math mode on input line 46.


Underfull \hbox (badness 10000) in paragraph at lines 58--60

 []

[2]
Underfull \hbox (badness 10000) in paragraph at lines 67--70

 []


Underfull \hbox (badness 10000) in paragraph at lines 70--73

 []


Underfull \hbox (badness 10000) in paragraph at lines 73--76

 []


Underfull \hbox (badness 10000) in paragraph at lines 76--79

 []


Underfull \hbox (badness 10000) in paragraph at lines 79--81

 []

[3] [4]
NOTE: coordinate (2Y1.5708e0],5Y0.0e0]) has been dropped because it is unbounde
d (in y). (see also unbounded coords=jump). 
NOTE: coordinate (1Y1.5707922e0],4Y0.0e0]) has been dropped because it is unbou
nded (in y). (see also unbounded coords=jump). 
NOTE: coordinate (1Y4.7124e0],5Y0.0e0]) has been dropped because it is unbounde
d (in y). (see also unbounded coords=jump). 
[5]
Missing character: There is no . in font nullfont!
Missing character: There is no 0 in font nullfont!
Missing character: There is no 1 in font nullfont!
Missing character: There is no p in font nullfont!
Missing character: There is no t in font nullfont!

Underfull \hbox (badness 10000) in paragraph at lines 189--232

 []


Underfull \hbox (badness 10000) in paragraph at lines 234--236

 []


Underfull \hbox (badness 10000) in paragraph at lines 238--241

 []

[6]
Underfull \hbox (badness 10000) in paragraph at lines 241--262

 []

[7]
Underfull \hbox (badness 10000) in paragraph at lines 279--281

 []


Underfull \hbox (badness 10000) in paragraph at lines 297--300

 []

[8]
Underfull \hbox (badness 10000) in paragraph at lines 315--317

 []

[9] ("HW 2.aux") ) 
Here is how much of TeX's memory you used:
 24088 strings out of 480930
 630916 string characters out of 2896479
 1020530 words of memory out of 3000000
 39601 multiletter control sequences out of 15000+200000
 537583 words of font info for 44 fonts, out of 3000000 for 9000
 1141 hyphenation exceptions out of 8191
 69i,18n,100p,729b,2114s stack positions out of 5000i,500n,10000p,200000b,50000s
<C:/Users/–ö–∏—Ä–∏–ª–ª/AppData/Local/Programs/MiKTeX 2.9/font
s/type1/public/amsfonts/cm/cmex10.pfb><C:/Users/–ö–∏—Ä–∏–ª–ª/AppData/Local/Prog
rams/MiKTeX 2.9/fonts/type1/public/amsfonts/cm/cmmi10.pfb><C:/Users/–ö–∏—Ä–∏–ª–
ª/AppData/Local/Programs/MiKTeX 2.9/fonts/type1/public/amsfonts/cm/cmmi8.pfb><C
:/Users/–ö–∏—Ä–∏–ª–ª/AppData/Local/Programs/MiKTeX 2.9/fonts/type1/public/amsfo
nts/cm/cmr10.pfb><C:/Users/–ö–∏—Ä–∏–ª–ª/AppData/Local/Programs/MiKTeX 2.9/fonts
/type1/public/amsfonts/cm/cmr12.pfb><C:/Users/–ö–∏—Ä–∏–ª–ª/AppData/Local/Progra
ms/MiKTeX 2.9/fonts/type1/public/amsfonts/cm/cmr17.pfb><C:/Users/–ö–∏—Ä–∏–ª–ª/A
ppData/Local/Programs/MiKTeX 2.9/fonts/type1/public/amsfonts/cm/cmr6.pfb><C:/Us
ers/–ö–∏—Ä–∏–ª–ª/AppData/Local/Programs/MiKTeX 2.9/fonts/type1/public/amsfonts/
cm/cmr8.pfb><C:/Users/–ö–∏—Ä–∏–ª–ª/AppData/Local/Programs/MiKTeX 2.9/fonts/type
1/public/amsfonts/cm/cmsy10.pfb><C:/Users/–ö–∏—Ä–∏–ª–ª/AppData/Local/Programs/M
iKTeX 2.9/fonts/type1/public/amsfonts/cm/cmsy6.pfb><C:/Users/–ö–∏—Ä–∏–ª–ª/AppDa
ta/Local/Programs/MiKTeX 2.9/fonts/type1/public/amsfonts/cm/cmsy8.pfb><C:/Users
/–ö–∏—Ä–∏–ª–ª/AppData/Local/Programs/MiKTeX 2.9/fonts/type1/public/amsfonts/sym
bols/msbm10.pfb>
Output written on "HW 2.pdf" (9 pages, 160558 bytes).
PDF statistics:
 83 PDF objects out of 1000 (max. 8388607)
 0 named destinations out of 1000 (max. 500000)
 13 words of extra memory for PDF output out of 10000 (max. 10000000)

